*** Starting uWSGI 2.0.14 (64bit) on [Tue Apr 11 11:35:48 2017] ***
compiled with version: 5.4.0 20160609 on 21 March 2017 15:06:02
os: Linux-4.4.0-71-generic #92-Ubuntu SMP Fri Mar 24 12:59:01 UTC 2017
nodename: ubuntu
machine: x86_64
clock source: unix
pcre jit disabled
detected number of CPU cores: 2
current working directory: /home/python/Desktop/pytest/ttsx/dailyfresh
writing pidfile to uwsgi.pid
detected binary path: /home/python/.virtualenvs/py_django/bin/uwsgi
chdir() to /home/python/Desktop/pytest/test6
your processes number limit is 7779
your memory page size is 4096 bytes
detected max file descriptor number: 1024
lock engine: pthread robust mutexes
thunder lock: disabled (you can enable it with --thunder-lock)
uWSGI http bound on 127.0.0.1:8080 fd 4
uwsgi socket 0 bound to TCP address 127.0.0.1:40050 (port auto-assigned) fd 3
Python version: 2.7.12 (default, Nov 19 2016, 06:48:10)  [GCC 5.4.0 20160609]
Python main interpreter initialized at 0x15cca60
python threads support enabled
your server socket listen backlog is limited to 100 connections
your mercy for graceful operations on workers is 60 seconds
mapped 415360 bytes (405 KB) for 8 cores
*** Operational MODE: preforking+threaded ***
WSGI app 0 (mountpoint='') ready in 1 seconds on interpreter 0x15cca60 pid: 7921 (default app)
*** uWSGI is running in multiple interpreter mode ***
spawned uWSGI master process (pid: 7921)
spawned uWSGI worker 1 (pid: 7924, cores: 2)
spawned uWSGI worker 2 (pid: 7925, cores: 2)
spawned uWSGI worker 3 (pid: 7926, cores: 2)
spawned uWSGI worker 4 (pid: 7927, cores: 2)
spawned uWSGI http 1 (pid: 7929)
[pid: 7927|app: 0|req: 1/1] 127.0.0.1 () {38 vars in 756 bytes} [Tue Apr 11 11:36:18 2017] GET / => generated 2273 bytes in 239 msecs (HTTP/1.1 404) 2 headers in 80 bytes (1 switches on core 0)
[pid: 7926|app: 0|req: 1/2] 127.0.0.1 () {38 vars in 710 bytes} [Tue Apr 11 11:36:18 2017] GET /favicon.ico => generated 2306 bytes in 129 msecs (HTTP/1.1 404) 2 headers in 80 bytes (1 switches on core 0)
[pid: 7927|app: 0|req: 2/3] 127.0.0.1 () {40 vars in 788 bytes} [Tue Apr 11 11:38:00 2017] GET / => generated 2273 bytes in 3 msecs (HTTP/1.1 404) 2 headers in 80 bytes (1 switches on core 1)
[pid: 7927|app: 0|req: 3/4] 127.0.0.1 () {40 vars in 788 bytes} [Tue Apr 11 11:38:02 2017] GET / => generated 2273 bytes in 8 msecs (HTTP/1.1 404) 2 headers in 80 bytes (1 switches on core 0)
[pid: 7924|app: 0|req: 1/5] 127.0.0.1 () {40 vars in 788 bytes} [Tue Apr 11 11:38:33 2017] GET / => generated 2273 bytes in 464 msecs (HTTP/1.1 404) 2 headers in 80 bytes (1 switches on core 0)
SIGINT/SIGQUIT received...killing workers...
gateway "uWSGI http 1" has been buried (pid: 7929)
worker 1 buried after 1 seconds
worker 2 buried after 1 seconds
worker 3 buried after 1 seconds
worker 4 buried after 1 seconds
goodbye to uWSGI.
*** Starting uWSGI 2.0.14 (64bit) on [Tue Apr 11 11:40:39 2017] ***
compiled with version: 5.4.0 20160609 on 21 March 2017 15:06:02
os: Linux-4.4.0-71-generic #92-Ubuntu SMP Fri Mar 24 12:59:01 UTC 2017
nodename: ubuntu
machine: x86_64
clock source: unix
pcre jit disabled
detected number of CPU cores: 2
current working directory: /home/python/Desktop/pytest/ttsx/dailyfresh
writing pidfile to uwsgi.pid
detected binary path: /home/python/.virtualenvs/py_django/bin/uwsgi
chdir() to /home/python/Desktop/pytest/ttsx/dailyfresh
your processes number limit is 7779
your memory page size is 4096 bytes
detected max file descriptor number: 1024
lock engine: pthread robust mutexes
thunder lock: disabled (you can enable it with --thunder-lock)
uWSGI http bound on 127.0.0.1:8080 fd 4
uwsgi socket 0 bound to TCP address 127.0.0.1:39068 (port auto-assigned) fd 3
Python version: 2.7.12 (default, Nov 19 2016, 06:48:10)  [GCC 5.4.0 20160609]
Python main interpreter initialized at 0x146ba80
python threads support enabled
your server socket listen backlog is limited to 100 connections
your mercy for graceful operations on workers is 60 seconds
mapped 415360 bytes (405 KB) for 8 cores
*** Operational MODE: preforking+threaded ***
WSGI app 0 (mountpoint='') ready in 2 seconds on interpreter 0x146ba80 pid: 8019 (default app)
*** uWSGI is running in multiple interpreter mode ***
spawned uWSGI master process (pid: 8019)
spawned uWSGI worker 1 (pid: 8023, cores: 2)
spawned uWSGI worker 2 (pid: 8024, cores: 2)
spawned uWSGI worker 3 (pid: 8026, cores: 2)
spawned uWSGI worker 4 (pid: 8027, cores: 2)
spawned uWSGI http 1 (pid: 8029)
[pid: 8026|app: 0|req: 1/1] 127.0.0.1 () {40 vars in 788 bytes} [Tue Apr 11 11:40:43 2017] GET / => generated 26 bytes in 502 msecs (HTTP/1.1 400) 2 headers in 82 bytes (1 switches on core 0)
SIGINT/SIGQUIT received...killing workers...
gateway "uWSGI http 1" has been buried (pid: 8029)
worker 1 buried after 1 seconds
worker 2 buried after 1 seconds
worker 3 buried after 1 seconds
worker 4 buried after 1 seconds
goodbye to uWSGI.
*** Starting uWSGI 2.0.14 (64bit) on [Tue Apr 11 11:50:51 2017] ***
compiled with version: 5.4.0 20160609 on 21 March 2017 15:06:02
os: Linux-4.4.0-71-generic #92-Ubuntu SMP Fri Mar 24 12:59:01 UTC 2017
nodename: ubuntu
machine: x86_64
clock source: unix
pcre jit disabled
detected number of CPU cores: 2
current working directory: /home/python/Desktop/pytest/ttsx/dailyfresh
writing pidfile to uwsgi.pid
detected binary path: /home/python/.virtualenvs/py_django/bin/uwsgi
chdir() to /home/python/Desktop/pytest/ttsx/dailyfresh
your processes number limit is 7779
your memory page size is 4096 bytes
detected max file descriptor number: 1024
lock engine: pthread robust mutexes
thunder lock: disabled (you can enable it with --thunder-lock)
uWSGI http bound on 127.0.0.1:8080 fd 4
uwsgi socket 0 bound to TCP address 127.0.0.1:44023 (port auto-assigned) fd 3
Python version: 2.7.12 (default, Nov 19 2016, 06:48:10)  [GCC 5.4.0 20160609]
Python main interpreter initialized at 0xd52a80
python threads support enabled
your server socket listen backlog is limited to 100 connections
your mercy for graceful operations on workers is 60 seconds
mapped 415360 bytes (405 KB) for 8 cores
*** Operational MODE: preforking+threaded ***
WSGI app 0 (mountpoint='') ready in 1 seconds on interpreter 0xd52a80 pid: 8145 (default app)
*** uWSGI is running in multiple interpreter mode ***
spawned uWSGI master process (pid: 8145)
spawned uWSGI worker 1 (pid: 8148, cores: 2)
spawned uWSGI worker 2 (pid: 8149, cores: 2)
spawned uWSGI worker 3 (pid: 8150, cores: 2)
spawned uWSGI worker 4 (pid: 8151, cores: 2)
spawned uWSGI http 1 (pid: 8153)
[pid: 8149|app: 0|req: 1/1] 127.0.0.1 () {40 vars in 788 bytes} [Tue Apr 11 11:50:55 2017] GET / => generated 26 bytes in 143 msecs (HTTP/1.1 400) 2 headers in 82 bytes (1 switches on core 0)
SIGINT/SIGQUIT received...killing workers...
gateway "uWSGI http 1" has been buried (pid: 8153)
worker 1 buried after 1 seconds
worker 2 buried after 1 seconds
worker 3 buried after 1 seconds
worker 4 buried after 1 seconds
goodbye to uWSGI.
*** Starting uWSGI 2.0.14 (64bit) on [Tue Apr 11 14:24:45 2017] ***
compiled with version: 5.4.0 20160609 on 21 March 2017 15:06:02
os: Linux-4.4.0-71-generic #92-Ubuntu SMP Fri Mar 24 12:59:01 UTC 2017
nodename: ubuntu
machine: x86_64
clock source: unix
pcre jit disabled
detected number of CPU cores: 2
current working directory: /home/python/Desktop/pytest/ttsx/dailyfresh
writing pidfile to uwsgi.pid
detected binary path: /home/python/.virtualenvs/py_django/bin/uwsgi
chdir() to /home/python/Desktop/pytest/ttsx/dailyfresh
your processes number limit is 7779
your memory page size is 4096 bytes
detected max file descriptor number: 1024
lock engine: pthread robust mutexes
thunder lock: disabled (you can enable it with --thunder-lock)
uWSGI http bound on 127.0.0.1:8080 fd 4
uwsgi socket 0 bound to TCP address 127.0.0.1:33050 (port auto-assigned) fd 3
Python version: 2.7.12 (default, Nov 19 2016, 06:48:10)  [GCC 5.4.0 20160609]
Python main interpreter initialized at 0x80aa80
python threads support enabled
your server socket listen backlog is limited to 100 connections
your mercy for graceful operations on workers is 60 seconds
mapped 415360 bytes (405 KB) for 8 cores
*** Operational MODE: preforking+threaded ***
WSGI app 0 (mountpoint='') ready in 1 seconds on interpreter 0x80aa80 pid: 8805 (default app)
*** uWSGI is running in multiple interpreter mode ***
spawned uWSGI master process (pid: 8805)
spawned uWSGI worker 1 (pid: 8808, cores: 2)
spawned uWSGI worker 2 (pid: 8809, cores: 2)
spawned uWSGI worker 3 (pid: 8810, cores: 2)
spawned uWSGI worker 4 (pid: 8812, cores: 2)
spawned uWSGI http 1 (pid: 8814)
[pid: 8812|app: 0|req: 1/1] 127.0.0.1 () {40 vars in 744 bytes} [Tue Apr 11 14:24:51 2017] GET / => generated 11986 bytes in 335 msecs (HTTP/1.1 200) 3 headers in 102 bytes (1 switches on core 0)
[pid: 8812|app: 0|req: 2/2] 127.0.0.1 () {40 vars in 736 bytes} [Tue Apr 11 14:24:52 2017] GET /static/js/jquery-1.12.4.min.js => generated 104 bytes in 8 msecs (HTTP/1.1 404) 2 headers in 80 bytes (1 switches on core 1)
[pid: 8812|app: 0|req: 4/5] 127.0.0.1 () {40 vars in 751 bytes} [Tue Apr 11 14:24:52 2017] GET /static/images/slide02.jpg => generated 99 bytes in 2 msecs (HTTP/1.1 404) 2 headers in 80 bytes (1 switches on core 1)
[pid: 8812|app: 0|req: 4/5] 127.0.0.1 () {40 vars in 747 bytes} [Tue Apr 11 14:24:52 2017] GET /static/images/slide.jpg => generated 97 bytes in 3 msecs (HTTP/1.1 404) 2 headers in 80 bytes (1 switches on core 0)
[pid: 8812|app: 0|req: 5/7] 127.0.0.1 () {40 vars in 751 bytes} [Tue Apr 11 14:24:52 2017] GET /static/images/slide04.jpg => generated 99 bytes in 3 msecs (HTTP/1.1 404) 2 headers in 80 bytes (1 switches on core 1)
[pid: 8812|app: 0|req: 6/8] 127.0.0.1 () {40 vars in 747 bytes} [Tue Apr 11 14:24:52 2017] GET /static/images/adv01.jpg => generated 97 bytes in 1 msecs (HTTP/1.1 404) 2 headers in 80 bytes (1 switches on core 0)
[pid: 8808|app: 0|req: 2/8] 127.0.0.1 () {40 vars in 751 bytes} [Tue Apr 11 14:24:52 2017] GET /static/images/slide03.jpg => generated 99 bytes in 8 msecs (HTTP/1.1 404) 2 headers in 80 bytes (1 switches on core 1)
[pid: 8808|app: 0|req: 2/8] 127.0.0.1 () {40 vars in 745 bytes} [Tue Apr 11 14:24:52 2017] GET /static/images/logo.png => generated 96 bytes in 362 msecs (HTTP/1.1 404) 2 headers in 80 bytes (1 switches on core 0)
[pid: 8812|app: 0|req: 7/9] 127.0.0.1 () {40 vars in 747 bytes} [Tue Apr 11 14:24:52 2017] GET /static/images/adv02.jpg => generated 97 bytes in 4 msecs (HTTP/1.1 404) 2 headers in 80 bytes (1 switches on core 0)
[pid: 8812|app: 0|req: 8/11] 127.0.0.1 () {40 vars in 753 bytes} [Tue Apr 11 14:24:52 2017] GET /static/images/banner01.jpg => generated 100 bytes in 8 msecs (HTTP/1.1 404) 2 headers in 80 bytes (1 switches on core 1)
[pid: 8810|app: 0|req: 2/10] 127.0.0.1 () {40 vars in 731 bytes} [Tue Apr 11 14:24:52 2017] GET /static/css/reset.css => generated 94 bytes in 415 msecs (HTTP/1.1 404) 2 headers in 80 bytes (1 switches on core 0)
[pid: 8810|app: 0|req: 2/12] 127.0.0.1 () {40 vars in 729 bytes} [Tue Apr 11 14:24:52 2017] GET /static/css/main.css => generated 93 bytes in 413 msecs (HTTP/1.1 404) 2 headers in 80 bytes (1 switches on core 1)
[pid: 8809|app: 0|req: 2/13] 127.0.0.1 () {40 vars in 712 bytes} [Tue Apr 11 14:24:52 2017] GET /static/js/slide.js => generated 92 bytes in 416 msecs (HTTP/1.1 404) 2 headers in 80 bytes (1 switches on core 1)
[pid: 8809|app: 0|req: 2/14] 127.0.0.1 () {40 vars in 728 bytes} [Tue Apr 11 14:24:52 2017] GET /static/js/jquery-ui.min.js => generated 100 bytes in 420 msecs (HTTP/1.1 404) 2 headers in 80 bytes (1 switches on core 0)
[pid: 8808|app: 0|req: 3/15] 127.0.0.1 () {40 vars in 737 bytes} [Tue Apr 11 14:24:52 2017] GET /static/goods/9.jpg => generated 92 bytes in 1 msecs (HTTP/1.1 404) 2 headers in 80 bytes (1 switches on core 1)
[pid: 8808|app: 0|req: 4/16] 127.0.0.1 () {40 vars in 753 bytes} [Tue Apr 11 14:24:52 2017] GET /static/images/banner02.jpg => generated 100 bytes in 1 msecs (HTTP/1.1 404) 2 headers in 80 bytes (1 switches on core 0)
[pid: 8810|app: 0|req: 3/17] 127.0.0.1 () {40 vars in 753 bytes} [Tue Apr 11 14:24:52 2017] GET /static/images/banner03.jpg => generated 100 bytes in 3 msecs (HTTP/1.1 404) 2 headers in 80 bytes (1 switches on core 0)
[pid: 8810|app: 0|req: 4/18] 127.0.0.1 () {40 vars in 745 bytes} [Tue Apr 11 14:24:52 2017] GET /static/images/logo.png => generated 96 bytes in 2 msecs (HTTP/1.1 404) 2 headers in 80 bytes (1 switches on core 1)
[pid: 8812|app: 0|req: 10/19] 127.0.0.1 () {40 vars in 753 bytes} [Tue Apr 11 14:24:52 2017] GET /static/images/banner04.jpg => generated 100 bytes in 15 msecs (HTTP/1.1 404) 2 headers in 80 bytes (1 switches on core 0)
[pid: 8808|app: 0|req: 5/20] 127.0.0.1 () {40 vars in 753 bytes} [Tue Apr 11 14:24:52 2017] GET /static/images/banner06.jpg => generated 100 bytes in 13 msecs (HTTP/1.1 404) 2 headers in 80 bytes (1 switches on core 0)
[pid: 8812|app: 0|req: 10/21] 127.0.0.1 () {40 vars in 753 bytes} [Tue Apr 11 14:24:52 2017] GET /static/images/banner05.jpg => generated 100 bytes in 15 msecs (HTTP/1.1 404) 2 headers in 80 bytes (1 switches on core 1)
[pid: 8810|app: 0|req: 6/22] 127.0.0.1 () {40 vars in 751 bytes} [Tue Apr 11 14:24:52 2017] GET /static/images/slide04.jpg => generated 99 bytes in 4 msecs (HTTP/1.1 404) 2 headers in 80 bytes (1 switches on core 1)
[pid: 8810|app: 0|req: 6/23] 127.0.0.1 () {40 vars in 751 bytes} [Tue Apr 11 14:24:52 2017] GET /static/images/slide03.jpg => generated 99 bytes in 7 msecs (HTTP/1.1 404) 2 headers in 80 bytes (1 switches on core 0)
[pid: 8808|app: 0|req: 6/24] 127.0.0.1 () {40 vars in 747 bytes} [Tue Apr 11 14:24:52 2017] GET /static/images/adv01.jpg => generated 97 bytes in 2 msecs (HTTP/1.1 404) 2 headers in 80 bytes (1 switches on core 1)
[pid: 8812|app: 0|req: 12/25] 127.0.0.1 () {40 vars in 747 bytes} [Tue Apr 11 14:24:52 2017] GET /static/images/slide.jpg => generated 97 bytes in 12 msecs (HTTP/1.1 404) 2 headers in 80 bytes (1 switches on core 1)
[pid: 8812|app: 0|req: 12/26] 127.0.0.1 () {40 vars in 751 bytes} [Tue Apr 11 14:24:52 2017] GET /static/images/slide02.jpg => generated 99 bytes in 13 msecs (HTTP/1.1 404) 2 headers in 80 bytes (1 switches on core 0)
[pid: 8809|app: 0|req: 4/27] 127.0.0.1 () {40 vars in 753 bytes} [Tue Apr 11 14:24:52 2017] GET /static/images/banner01.jpg => generated 100 bytes in 18 msecs (HTTP/1.1 404) 2 headers in 80 bytes (1 switches on core 1)
[pid: 8809|app: 0|req: 4/28] 127.0.0.1 () {40 vars in 747 bytes} [Tue Apr 11 14:24:52 2017] GET /static/images/adv02.jpg => generated 97 bytes in 14 msecs (HTTP/1.1 404) 2 headers in 80 bytes (1 switches on core 0)
SIGINT/SIGQUIT received...killing workers...
gateway "uWSGI http 1" has been buried (pid: 8814)
worker 1 buried after 1 seconds
worker 2 buried after 1 seconds
worker 3 buried after 1 seconds
worker 4 buried after 1 seconds
goodbye to uWSGI.
*** Starting uWSGI 2.0.14 (64bit) on [Tue Apr 11 14:26:26 2017] ***
compiled with version: 5.4.0 20160609 on 21 March 2017 15:06:02
os: Linux-4.4.0-71-generic #92-Ubuntu SMP Fri Mar 24 12:59:01 UTC 2017
nodename: ubuntu
machine: x86_64
clock source: unix
pcre jit disabled
detected number of CPU cores: 2
current working directory: /home/python/Desktop/pytest/ttsx/dailyfresh
writing pidfile to uwsgi.pid
detected binary path: /home/python/.virtualenvs/py_django/bin/uwsgi
chdir() to /home/python/Desktop/pytest/ttsx/dailyfresh
your processes number limit is 7779
your memory page size is 4096 bytes
detected max file descriptor number: 1024
lock engine: pthread robust mutexes
thunder lock: disabled (you can enable it with --thunder-lock)
uwsgi socket 0 bound to TCP address 127.0.0.1:8080 fd 3
Python version: 2.7.12 (default, Nov 19 2016, 06:48:10)  [GCC 5.4.0 20160609]
Python main interpreter initialized at 0x1fa3dc0
python threads support enabled
your server socket listen backlog is limited to 100 connections
your mercy for graceful operations on workers is 60 seconds
mapped 415360 bytes (405 KB) for 8 cores
*** Operational MODE: preforking+threaded ***
WSGI app 0 (mountpoint='') ready in 1 seconds on interpreter 0x1fa3dc0 pid: 8852 (default app)
*** uWSGI is running in multiple interpreter mode ***
spawned uWSGI master process (pid: 8852)
spawned uWSGI worker 1 (pid: 8855, cores: 2)
spawned uWSGI worker 2 (pid: 8856, cores: 2)
spawned uWSGI worker 3 (pid: 8857, cores: 2)
spawned uWSGI worker 4 (pid: 8858, cores: 2)
invalid request block size: 21573 (max 4096)...skip
invalid request block size: 21573 (max 4096)...skip
invalid request block size: 21573 (max 4096)...skip
invalid request block size: 21573 (max 4096)...skip
invalid request block size: 21573 (max 4096)...skip
invalid request block size: 21573 (max 4096)...skip
invalid request block size: 21573 (max 4096)...skip
invalid request block size: 21573 (max 4096)...skip
invalid request block size: 21573 (max 4096)...skip
invalid request block size: 21573 (max 4096)...skip
invalid request block size: 21573 (max 4096)...skip
invalid request block size: 21573 (max 4096)...skip
invalid request block size: 21573 (max 4096)...skip
invalid request block size: 21573 (max 4096)...skip
invalid request block size: 21573 (max 4096)...skip
invalid request block size: 21573 (max 4096)...skip
invalid request block size: 21573 (max 4096)...skip
invalid request block size: 21573 (max 4096)...skip
invalid request block size: 21573 (max 4096)...skip
invalid request block size: 21573 (max 4096)...skip
invalid request block size: 21573 (max 4096)...skip
invalid request block size: 21573 (max 4096)...skip
invalid request block size: 21573 (max 4096)...skip
invalid request block size: 21573 (max 4096)...skip
invalid request block size: 21573 (max 4096)...skip
invalid request block size: 21573 (max 4096)...skip
invalid request block size: 21573 (max 4096)...skip
invalid request block size: 21573 (max 4096)...skip
invalid request block size: 21573 (max 4096)...skip
invalid request block size: 21573 (max 4096)...skip
invalid request block size: 21573 (max 4096)...skip
invalid request block size: 21573 (max 4096)...skip
invalid request block size: 21573 (max 4096)...skip
invalid request block size: 21573 (max 4096)...skip
invalid request block size: 21573 (max 4096)...skip
invalid request block size: 21573 (max 4096)...skip
invalid request block size: 21573 (max 4096)...skip
[pid: 8857|app: 0|req: 1/1] 127.0.0.1 () {40 vars in 746 bytes} [Tue Apr 11 14:40:37 2017] GET / => generated 11986 bytes in 819 msecs (HTTP/1.1 200) 3 headers in 102 bytes (1 switches on core 0)
[pid: 8858|app: 0|req: 1/2] 127.0.0.1 () {40 vars in 695 bytes} [Tue Apr 11 14:40:39 2017] GET /favicon.ico => generated 85 bytes in 276 msecs (HTTP/1.1 404) 2 headers in 80 bytes (1 switches on core 1)
[pid: 8857|app: 0|req: 2/3] 127.0.0.1 () {42 vars in 777 bytes} [Tue Apr 11 14:40:56 2017] GET / => generated 11986 bytes in 294 msecs (HTTP/1.1 200) 3 headers in 102 bytes (1 switches on core 1)
[pid: 8855|app: 0|req: 1/4] 127.0.0.1 () {42 vars in 801 bytes} [Tue Apr 11 14:41:03 2017] GET /user/login/ => generated 3079 bytes in 217 msecs (HTTP/1.1 200) 4 headers in 224 bytes (1 switches on core 0)
